<?xml version="1.0" encoding="UTF-8"?>
<!-- Generated by org.testng.reporters.JUnitXMLReporter -->
<testsuite ignored="0" hostname="YASAR" failures="0" tests="13" name="Surefire test" time="244.072" errors="0" timestamp="2020-10-26T17:18:52 GMT-04:00">
  <testcase classname="com.qa.TestCases.AdminPageTest" name="validateAdminPage" time="0.268"/>
  <testcase classname="com.qa.TestCases.AdminPageTest" name="enterSystemUsersDetails" time="4.929"/>
  <testcase classname="com.qa.TestCases.BuzzPageTest" name="validateBuzzPage" time="0.244"/>
  <testcase classname="com.qa.TestCases.BuzzPageTest" name="enterTheStatus" time="0.788"/>
  <testcase classname="com.qa.TestCases.DashBoardPageTest" name="validateDashBoard" time="0.216"/>
  <testcase classname="com.qa.TestCases.DashBoardPageTest" name="verifyMyInfoPage" time="2.591"/>
  <testcase classname="com.qa.TestCases.DirectoryPageTest" name="validateDirectoryPageBySearchButton" time="0.265"/>
  <testcase classname="com.qa.TestCases.DirectoryPageTest" name="enterEmployeeNameToSearch" time="1.843"/>
  <testcase classname="com.qa.TestCases.LoginPageTest" name="LoginPageTitleTest" time="0.108"/>
  <testcase classname="com.qa.TestCases.LoginPageTest" name="OrangeHrmLogoTest" time="0.372"/>
  <testcase classname="com.qa.TestCases.LoginPageTest" name="LoginTest" time="4.059"/>
  <testcase classname="com.qa.TestCases.MyInfoPageTest" name="validateInfoPage" time="0.162"/>
  <testcase classname="com.qa.TestCases.MyInfoPageTest" name="enterMyInfoPageDetails" time="4.342"/>
</testsuite> <!-- Surefire test -->
