<?xml version="1.0" encoding="UTF-8"?>
<!-- Generated by org.testng.reporters.JUnitXMLReporter -->
<testsuite ignored="0" hostname="YASAR" failures="0" tests="13" name="Test" time="227.295" errors="0" timestamp="2020-10-26T17:24:21 GMT-04:00">
  <testcase classname="com.qa.TestCases.MyInfoPageTest" name="validateInfoPage" time="0.25"/>
  <testcase classname="com.qa.TestCases.MyInfoPageTest" name="enterMyInfoPageDetails" time="3.766"/>
  <testcase classname="com.qa.TestCases.DirectoryPageTest" name="validateDirectoryPageBySearchButton" time="0.203"/>
  <testcase classname="com.qa.TestCases.DirectoryPageTest" name="enterEmployeeNameToSearch" time="1.874"/>
  <testcase classname="com.qa.TestCases.DashBoardPageTest" name="validateDashBoard" time="0.852"/>
  <testcase classname="com.qa.TestCases.DashBoardPageTest" name="verifyMyInfoPage" time="2.531"/>
  <testcase classname="com.qa.TestCases.BuzzPageTest" name="validateBuzzPage" time="0.136"/>
  <testcase classname="com.qa.TestCases.BuzzPageTest" name="enterTheStatus" time="1.227"/>
  <testcase classname="com.qa.TestCases.AdminPageTest" name="validateAdminPage" time="0.171"/>
  <testcase classname="com.qa.TestCases.AdminPageTest" name="enterSystemUsersDetails" time="5.016"/>
  <testcase classname="com.qa.TestCases.LoginPageTest" name="LoginPageTitleTest" time="0.073"/>
  <testcase classname="com.qa.TestCases.LoginPageTest" name="OrangeHrmLogoTest" time="0.162"/>
  <testcase classname="com.qa.TestCases.LoginPageTest" name="LoginTest" time="3.314"/>
</testsuite> <!-- Test -->
